<?xml version="1.0" encoding="UTF-8"?>
<testng-results ignored="0" total="7" passed="7" failed="0" skipped="0">
  <reporter-output>
  </reporter-output>
  <suite started-at="2024-05-02T00:48:58 IST" name="Default suite" finished-at="2024-05-02T00:49:46 IST" duration-ms="47690">
    <groups>
    </groups>
    <test started-at="2024-05-02T00:48:58 IST" name="Default test" finished-at="2024-05-02T00:49:46 IST" duration-ms="47690">
      <class name="Tests.FirstTaskTest">
        <test-method signature="verifyPointNo1()[pri:1, instance:Tests.FirstTaskTest@31304f14]" started-at="2024-05-02T00:48:58 IST" name="verifyPointNo1" finished-at="2024-05-02T00:49:16 IST" duration-ms="18408" status="PASS">
          <reporter-output>
          </reporter-output>
        </test-method> <!-- verifyPointNo1 -->
        <test-method signature="verifyPointNo2()[pri:2, instance:Tests.FirstTaskTest@31304f14]" started-at="2024-05-02T00:49:16 IST" name="verifyPointNo2" finished-at="2024-05-02T00:49:22 IST" duration-ms="5627" status="PASS">
          <reporter-output>
          </reporter-output>
        </test-method> <!-- verifyPointNo2 -->
        <test-method signature="verifyPointNo3()[pri:3, instance:Tests.FirstTaskTest@31304f14]" started-at="2024-05-02T00:49:22 IST" name="verifyPointNo3" finished-at="2024-05-02T00:49:22 IST" duration-ms="94" status="PASS">
          <reporter-output>
          </reporter-output>
        </test-method> <!-- verifyPointNo3 -->
        <test-method signature="verifyPointNo4()[pri:4, instance:Tests.FirstTaskTest@31304f14]" started-at="2024-05-02T00:49:22 IST" name="verifyPointNo4" finished-at="2024-05-02T00:49:29 IST" duration-ms="7100" status="PASS">
          <reporter-output>
          </reporter-output>
        </test-method> <!-- verifyPointNo4 -->
        <test-method signature="verifyPointNo5()[pri:5, instance:Tests.FirstTaskTest@31304f14]" started-at="2024-05-02T00:49:29 IST" name="verifyPointNo5" finished-at="2024-05-02T00:49:29 IST" duration-ms="185" status="PASS">
          <reporter-output>
          </reporter-output>
        </test-method> <!-- verifyPointNo5 -->
        <test-method signature="verifyPointNo6()[pri:6, instance:Tests.FirstTaskTest@31304f14]" started-at="2024-05-02T00:49:29 IST" name="verifyPointNo6" finished-at="2024-05-02T00:49:40 IST" duration-ms="10633" status="PASS">
          <reporter-output>
          </reporter-output>
        </test-method> <!-- verifyPointNo6 -->
        <test-method signature="verifyPointNo7()[pri:7, instance:Tests.FirstTaskTest@31304f14]" started-at="2024-05-02T00:49:40 IST" name="verifyPointNo7" finished-at="2024-05-02T00:49:46 IST" duration-ms="5579" status="PASS">
          <reporter-output>
          </reporter-output>
        </test-method> <!-- verifyPointNo7 -->
      </class> <!-- Tests.FirstTaskTest -->
    </test> <!-- Default test -->
  </suite> <!-- Default suite -->
</testng-results>
